<?xml version="1.0" encoding="UTF-8"?>
<!-- Generated by org.testng.reporters.JUnitXMLReporter -->
<testsuite ignored="0" hostname="LAPTOP-AO9I7DE6" failures="0" tests="3" name="Default test" time="47.872" errors="0" timestamp="2024-10-01T10:18:00 IST">
  <testcase classname="com.entrata.testcases.logiToEntrata" name="loginTestCase" time="15.891"/>
  <testcase classname="com.entrata.testcases.logiToEntrata" name="verifypageTitle" time="0.054"/>
  <testcase classname="com.entrata.testcases.logiToEntrata" name="verifySolutionDropdown" time="0.284"/>
</testsuite> <!-- Default test -->
